28-Jun-2026 19:14:19.328 INFO [main] org.apache.catalina.startup.VersionLoggerListener.log Server version name:   Apache Tomcat/11.0.23
28-Jun-2026 19:14:19.338 INFO [main] org.apache.catalina.startup.VersionLoggerListener.log Server built:          Jun 17 2026 21:31:25 UTC
28-Jun-2026 19:14:19.338 INFO [main] org.apache.catalina.startup.VersionLoggerListener.log Server version number: 11.0.23.0
28-Jun-2026 19:14:19.339 INFO [main] org.apache.catalina.startup.VersionLoggerListener.log OS Name:               Windows 11
28-Jun-2026 19:14:19.339 INFO [main] org.apache.catalina.startup.VersionLoggerListener.log OS Version:            10.0
28-Jun-2026 19:14:19.340 INFO [main] org.apache.catalina.startup.VersionLoggerListener.log Architecture:          amd64
28-Jun-2026 19:14:19.340 INFO [main] org.apache.catalina.startup.VersionLoggerListener.log Java Home:             C:\Program Files\jdk-24.0.2
28-Jun-2026 19:14:19.343 INFO [main] org.apache.catalina.startup.VersionLoggerListener.log JVM Version:           24.0.2+12-54
28-Jun-2026 19:14:19.344 INFO [main] org.apache.catalina.startup.VersionLoggerListener.log JVM Vendor:            Oracle Corporation
28-Jun-2026 19:14:19.345 INFO [main] org.apache.catalina.startup.VersionLoggerListener.log CATALINA_BASE:         C:\Users\pcc\Desktop\Online_Chat_App
28-Jun-2026 19:14:19.345 INFO [main] org.apache.catalina.startup.VersionLoggerListener.log CATALINA_HOME:         C:\Users\pcc\Desktop\Tomcat 11.0_Tomcat11.1
28-Jun-2026 19:14:19.374 INFO [main] org.apache.catalina.startup.VersionLoggerListener.log Command line argument: --add-opens=java.base/java.lang=ALL-UNNAMED
28-Jun-2026 19:14:19.374 INFO [main] org.apache.catalina.startup.VersionLoggerListener.log Command line argument: --add-opens=java.base/java.io=ALL-UNNAMED
28-Jun-2026 19:14:19.375 INFO [main] org.apache.catalina.startup.VersionLoggerListener.log Command line argument: --add-opens=java.base/java.util=ALL-UNNAMED
28-Jun-2026 19:14:19.375 INFO [main] org.apache.catalina.startup.VersionLoggerListener.log Command line argument: --add-opens=java.base/java.util.concurrent=ALL-UNNAMED
28-Jun-2026 19:14:19.375 INFO [main] org.apache.catalina.startup.VersionLoggerListener.log Command line argument: --add-opens=java.rmi/sun.rmi.transport=ALL-UNNAMED
28-Jun-2026 19:14:19.376 INFO [main] org.apache.catalina.startup.VersionLoggerListener.log Command line argument: -Dcatalina.home=C:\Users\pcc\Desktop\Tomcat 11.0_Tomcat11.1
28-Jun-2026 19:14:19.376 INFO [main] org.apache.catalina.startup.VersionLoggerListener.log Command line argument: -Dcatalina.base=C:\Users\pcc\Desktop\Online_Chat_App
28-Jun-2026 19:14:19.377 INFO [main] org.apache.catalina.startup.VersionLoggerListener.log Command line argument: -Djava.io.tmpdir=C:\Users\pcc\Desktop\Online_Chat_App\temp
28-Jun-2026 19:14:19.377 INFO [main] org.apache.catalina.startup.VersionLoggerListener.log Command line argument: -Djava.util.logging.config.file=C:\Users\pcc\Desktop\Online_Chat_App\conf\logging.properties
28-Jun-2026 19:14:19.378 INFO [main] org.apache.catalina.startup.VersionLoggerListener.log Command line argument: -Djava.util.logging.manager=org.apache.juli.ClassLoaderLogManager
28-Jun-2026 19:14:19.378 INFO [main] org.apache.catalina.startup.VersionLoggerListener.log Command line argument: -javaagent:C:\Program Files\JetBrains\IntelliJ IDEA 2026.1.2\lib\idea_rt.jar=54033
28-Jun-2026 19:14:19.379 INFO [main] org.apache.catalina.startup.VersionLoggerListener.log Command line argument: -Dfile.encoding=UTF-8
28-Jun-2026 19:14:19.379 INFO [main] org.apache.catalina.startup.VersionLoggerListener.log Command line argument: -Dsun.stdout.encoding=UTF-8
28-Jun-2026 19:14:19.379 INFO [main] org.apache.catalina.startup.VersionLoggerListener.log Command line argument: -Dsun.stderr.encoding=UTF-8
28-Jun-2026 19:14:19.401 INFO [main] org.apache.catalina.core.AprLifecycleListener.lifecycleEvent The Apache Tomcat Native library which allows using OpenSSL was not found on the java.library.path: [C:\Program Files\jdk-24.0.2\bin;C:\WINDOWS\Sun\Java\bin;C:\WINDOWS\system32;C:\WINDOWS;C:\WINDOWS;C:\WINDOWS\system32;C:\WINDOWS\System32\Wbem;C:\WINDOWS\System32\WindowsPowerShell\v1.0\;C:\WINDOWS\System32\OpenSSH\;C:\Program Files\gs\gs10.05.1\bin;C:\Program Files\Microsoft VS Code\bin;C:\Program Files (x86)\dotnet\;C:\Program Files\jdk-24.0.2\bin;C:\apache-maven-4.0.0-rc-5\bin;C:\Program Files\Git\cmd;C:\Program Files\nodejs\;C:\Users\pcc\AppData\Local\Programs\Python\Python310\Scripts\;C:\Users\pcc\AppData\Local\Programs\Python\Python310\;C:\Users\pcc\AppData\Local\Programs\Python\Launcher\;C:\Users\pcc\AppData\Local\Microsoft\WindowsApps;C:\Users\pcc\AppData\Local\GitHubDesktop\bin;C:\Users\pcc\AppData\Roaming\npm;C:\Program Files\JetBrains\IntelliJ IDEA 2026.1.2\bin;.]
28-Jun-2026 19:14:20.079 INFO [main] org.apache.coyote.AbstractProtocol.init Initializing ProtocolHandler ["http-nio-8080"]
28-Jun-2026 19:14:20.109 INFO [main] org.apache.catalina.startup.Catalina.load Server initialization in [1380] milliseconds
28-Jun-2026 19:14:20.235 INFO [main] org.apache.catalina.core.StandardService.startInternal Starting service [Catalina]
28-Jun-2026 19:14:20.235 INFO [main] org.apache.catalina.core.StandardEngine.startInternal Starting Servlet engine: [Apache Tomcat/11.0.23]
28-Jun-2026 19:14:20.260 INFO [main] org.apache.catalina.startup.HostConfig.deployDescriptor Deploying deployment descriptor [C:\Users\pcc\Desktop\Online_Chat_App\conf\Catalina\localhost\EmployeeManagementSystem.xml]
28-Jun-2026 19:14:20.309 WARNING [main] org.apache.catalina.startup.HostConfig.deployDescriptor The path attribute with value [/EmployeeManagementSystem] in deployment descriptor [C:\Users\pcc\Desktop\Online_Chat_App\conf\Catalina\localhost\EmployeeManagementSystem.xml] has been ignored
28-Jun-2026 19:14:20.393 SEVERE [main] org.apache.catalina.startup.HostConfig.deployDescriptor Error deploying deployment descriptor [C:\Users\pcc\Desktop\Online_Chat_App\conf\Catalina\localhost\EmployeeManagementSystem.xml]
	java.lang.IllegalStateException: Error starting child
		at org.apache.catalina.core.ContainerBase.addChild(ContainerBase.java:586)
		at org.apache.catalina.core.StandardHost.addChild(StandardHost.java:677)
		at org.apache.catalina.startup.HostConfig.deployDescriptor(HostConfig.java:628)
		at org.apache.catalina.startup.HostConfig$DeployDescriptor.run(HostConfig.java:1860)
		at java.base/java.util.concurrent.Executors$RunnableAdapter.call(Executors.java:545)
		at java.base/java.util.concurrent.FutureTask.run(FutureTask.java:328)
		at org.apache.tomcat.util.threads.InlineExecutorService.execute(InlineExecutorService.java:92)
		at java.base/java.util.concurrent.AbstractExecutorService.submit(AbstractExecutorService.java:124)
		at org.apache.catalina.startup.HostConfig.deployDescriptors(HostConfig.java:517)
		at org.apache.catalina.startup.HostConfig.deployApps(HostConfig.java:408)
		at org.apache.catalina.startup.HostConfig.start(HostConfig.java:1605)
		at org.apache.catalina.startup.HostConfig.lifecycleEvent(HostConfig.java:286)
		at org.apache.catalina.util.LifecycleBase.fireLifecycleEvent(LifecycleBase.java:115)
		at org.apache.catalina.util.LifecycleBase.setStateInternal(LifecycleBase.java:395)
		at org.apache.catalina.util.LifecycleBase.setState(LifecycleBase.java:342)
		at org.apache.catalina.core.ContainerBase.startInternal(ContainerBase.java:759)
		at org.apache.catalina.core.StandardHost.startInternal(StandardHost.java:794)
		at org.apache.catalina.util.LifecycleBase.start(LifecycleBase.java:170)
		at org.apache.catalina.core.ContainerBase$StartChild.call(ContainerBase.java:1204)
		at org.apache.catalina.core.ContainerBase$StartChild.call(ContainerBase.java:1200)
		at java.base/java.util.concurrent.FutureTask.run(FutureTask.java:328)
		at org.apache.tomcat.util.threads.InlineExecutorService.execute(InlineExecutorService.java:92)
		at java.base/java.util.concurrent.AbstractExecutorService.submit(AbstractExecutorService.java:148)
		at org.apache.catalina.core.ContainerBase.startInternal(ContainerBase.java:732)
		at org.apache.catalina.core.StandardEngine.startInternal(StandardEngine.java:201)
		at org.apache.catalina.util.LifecycleBase.start(LifecycleBase.java:170)
		at org.apache.catalina.core.StandardService.startInternal(StandardService.java:433)
		at org.apache.catalina.util.LifecycleBase.start(LifecycleBase.java:170)
		at org.apache.catalina.core.StandardServer.startInternal(StandardServer.java:871)
		at org.apache.catalina.util.LifecycleBase.start(LifecycleBase.java:170)
		at org.apache.catalina.startup.Catalina.start(Catalina.java:882)
		at java.base/jdk.internal.reflect.DirectMethodHandleAccessor.invoke(DirectMethodHandleAccessor.java:104)
		at java.base/java.lang.reflect.Method.invoke(Method.java:565)
		at org.apache.catalina.startup.Bootstrap.start(Bootstrap.java:345)
		at org.apache.catalina.startup.Bootstrap.main(Bootstrap.java:482)
	Caused by: org.apache.catalina.LifecycleException: Failed to start component [org.apache.catalina.webresources.StandardRoot@29d80d2b]
		at org.apache.catalina.util.LifecycleBase.handleSubClassException(LifecycleBase.java:410)
		at org.apache.catalina.util.LifecycleBase.start(LifecycleBase.java:185)
		at org.apache.catalina.core.StandardContext.resourcesStart(StandardContext.java:4272)
		at org.apache.catalina.core.StandardContext.startInternal(StandardContext.java:4394)
		at org.apache.catalina.util.LifecycleBase.start(LifecycleBase.java:170)
		at org.apache.catalina.core.ContainerBase.addChild(ContainerBase.java:583)
		... 34 more
	Caused by: java.lang.IllegalArgumentException: The main resource set specified [C:\Users\pcc\Documents\NetBeansProjects\EmployeeManagementSystem\build\web] is not a directory or war file, or is not readable (it does not exist or permissions to access it are missing)
		at org.apache.catalina.webresources.StandardRoot.createMainResourceSet(StandardRoot.java:813)
		at org.apache.catalina.webresources.StandardRoot.startInternal(StandardRoot.java:765)
		at org.apache.catalina.util.LifecycleBase.start(LifecycleBase.java:170)
		... 38 more
28-Jun-2026 19:14:20.404 INFO [main] org.apache.catalina.startup.HostConfig.deployDescriptor Deployment of deployment descriptor [C:\Users\pcc\Desktop\Online_Chat_App\conf\Catalina\localhost\EmployeeManagementSystem.xml] has finished in [142] ms
28-Jun-2026 19:14:20.405 INFO [main] org.apache.catalina.startup.HostConfig.deployDescriptor Deploying deployment descriptor [C:\Users\pcc\Desktop\Online_Chat_App\conf\Catalina\localhost\Online_Chat_App.xml]
28-Jun-2026 19:14:22.776 INFO [main] org.apache.jasper.servlet.TldScanner.scanJars At least one JAR was scanned for TLDs yet contained no TLDs. Enable debug logging for this logger for a complete list of JARs that were scanned but no TLDs were found in them. Skipping unneeded JARs during scanning can improve startup time and JSP compilation time.
28-Jun-2026 19:14:22.903 INFO [main] org.apache.catalina.startup.HostConfig.deployDescriptor Deployment of deployment descriptor [C:\Users\pcc\Desktop\Online_Chat_App\conf\Catalina\localhost\Online_Chat_App.xml] has finished in [2,499] ms
28-Jun-2026 19:14:22.903 INFO [main] org.apache.catalina.startup.HostConfig.deployDescriptor Deploying deployment descriptor [C:\Users\pcc\Desktop\Online_Chat_App\conf\Catalina\localhost\ROOT.xml]
28-Jun-2026 19:14:22.906 WARNING [main] org.apache.catalina.startup.HostConfig.deployDescriptor The path attribute with value [/EmployeeManagementSystem] in deployment descriptor [C:\Users\pcc\Desktop\Online_Chat_App\conf\Catalina\localhost\ROOT.xml] has been ignored
28-Jun-2026 19:14:22.914 SEVERE [main] org.apache.catalina.startup.HostConfig.deployDescriptor Error deploying deployment descriptor [C:\Users\pcc\Desktop\Online_Chat_App\conf\Catalina\localhost\ROOT.xml]
	java.lang.IllegalStateException: Error starting child
		at org.apache.catalina.core.ContainerBase.addChild(ContainerBase.java:586)
		at org.apache.catalina.core.StandardHost.addChild(StandardHost.java:677)
		at org.apache.catalina.startup.HostConfig.deployDescriptor(HostConfig.java:628)
		at org.apache.catalina.startup.HostConfig$DeployDescriptor.run(HostConfig.java:1860)
		at java.base/java.util.concurrent.Executors$RunnableAdapter.call(Executors.java:545)
		at java.base/java.util.concurrent.FutureTask.run(FutureTask.java:328)
		at org.apache.tomcat.util.threads.InlineExecutorService.execute(InlineExecutorService.java:92)
		at java.base/java.util.concurrent.AbstractExecutorService.submit(AbstractExecutorService.java:124)
		at org.apache.catalina.startup.HostConfig.deployDescriptors(HostConfig.java:517)
		at org.apache.catalina.startup.HostConfig.deployApps(HostConfig.java:408)
		at org.apache.catalina.startup.HostConfig.start(HostConfig.java:1605)
		at org.apache.catalina.startup.HostConfig.lifecycleEvent(HostConfig.java:286)
		at org.apache.catalina.util.LifecycleBase.fireLifecycleEvent(LifecycleBase.java:115)
		at org.apache.catalina.util.LifecycleBase.setStateInternal(LifecycleBase.java:395)
		at org.apache.catalina.util.LifecycleBase.setState(LifecycleBase.java:342)
		at org.apache.catalina.core.ContainerBase.startInternal(ContainerBase.java:759)
		at org.apache.catalina.core.StandardHost.startInternal(StandardHost.java:794)
		at org.apache.catalina.util.LifecycleBase.start(LifecycleBase.java:170)
		at org.apache.catalina.core.ContainerBase$StartChild.call(ContainerBase.java:1204)
		at org.apache.catalina.core.ContainerBase$StartChild.call(ContainerBase.java:1200)
		at java.base/java.util.concurrent.FutureTask.run(FutureTask.java:328)
		at org.apache.tomcat.util.threads.InlineExecutorService.execute(InlineExecutorService.java:92)
		at java.base/java.util.concurrent.AbstractExecutorService.submit(AbstractExecutorService.java:148)
		at org.apache.catalina.core.ContainerBase.startInternal(ContainerBase.java:732)
		at org.apache.catalina.core.StandardEngine.startInternal(StandardEngine.java:201)
		at org.apache.catalina.util.LifecycleBase.start(LifecycleBase.java:170)
		at org.apache.catalina.core.StandardService.startInternal(StandardService.java:433)
		at org.apache.catalina.util.LifecycleBase.start(LifecycleBase.java:170)
		at org.apache.catalina.core.StandardServer.startInternal(StandardServer.java:871)
		at org.apache.catalina.util.LifecycleBase.start(LifecycleBase.java:170)
		at org.apache.catalina.startup.Catalina.start(Catalina.java:882)
		at java.base/jdk.internal.reflect.DirectMethodHandleAccessor.invoke(DirectMethodHandleAccessor.java:104)
		at java.base/java.lang.reflect.Method.invoke(Method.java:565)
		at org.apache.catalina.startup.Bootstrap.start(Bootstrap.java:345)
		at org.apache.catalina.startup.Bootstrap.main(Bootstrap.java:482)
	Caused by: org.apache.catalina.LifecycleException: Failed to initialize component [org.apache.catalina.webresources.DirResourceSet@43984213]
		at org.apache.catalina.util.LifecycleBase.handleSubClassException(LifecycleBase.java:410)
		at org.apache.catalina.util.LifecycleBase.init(LifecycleBase.java:131)
		at org.apache.catalina.webresources.StandardRoot.initInternal(StandardRoot.java:744)
		at org.apache.catalina.util.LifecycleBase.init(LifecycleBase.java:128)
		at org.apache.catalina.util.LifecycleBase.start(LifecycleBase.java:161)
		at org.apache.catalina.core.StandardContext.resourcesStart(StandardContext.java:4272)
		at org.apache.catalina.core.StandardContext.startInternal(StandardContext.java:4394)
		at org.apache.catalina.util.LifecycleBase.start(LifecycleBase.java:170)
		at org.apache.catalina.core.ContainerBase.addChild(ContainerBase.java:583)
		... 34 more
	Caused by: java.lang.IllegalArgumentException: The directory specified by base and internal path [C:/Users/pcc/Desktop/EmployeeManagementSystem/target/classes]\[] does not exist.
		at org.apache.catalina.webresources.DirResourceSet.checkType(DirResourceSet.java:320)
		at org.apache.catalina.webresources.AbstractFileResourceSet.initInternal(AbstractFileResourceSet.java:282)
		at org.apache.catalina.webresources.DirResourceSet.initInternal(DirResourceSet.java:327)
		at org.apache.catalina.util.LifecycleBase.init(LifecycleBase.java:128)
		... 41 more
28-Jun-2026 19:14:22.921 INFO [main] org.apache.catalina.startup.HostConfig.deployDescriptor Deployment of deployment descriptor [C:\Users\pcc\Desktop\Online_Chat_App\conf\Catalina\localhost\ROOT.xml] has finished in [18] ms
28-Jun-2026 19:14:22.930 INFO [main] org.apache.coyote.AbstractProtocol.start Starting ProtocolHandler ["http-nio-8080"]
28-Jun-2026 19:14:23.004 INFO [main] org.apache.catalina.startup.Catalina.start Server startup in [2890] milliseconds
28-Jun-2026 19:17:59.984 INFO [Thread-1] org.apache.coyote.AbstractProtocol.pause Pausing ProtocolHandler ["http-nio-8080"]
28-Jun-2026 19:18:00.005 INFO [Thread-1] org.apache.catalina.core.StandardService.stopInternal Stopping service [Catalina]
28-Jun-2026 19:18:00.041 WARNING [Thread-1] org.apache.catalina.loader.WebappClassLoaderBase.clearReferencesJdbc The web application [Online_Chat_App] registered the JDBC driver [com.mysql.cj.jdbc.Driver] but failed to unregister it when the web application was stopped. To prevent a memory leak, the JDBC Driver has been forcibly unregistered.
28-Jun-2026 19:18:00.043 WARNING [Thread-1] org.apache.catalina.loader.WebappClassLoaderBase.clearReferencesThreads The web application [Online_Chat_App] appears to have started a thread named [mysql-cj-abandoned-connection-cleanup] but has failed to stop it. This is very likely to create a memory leak. Stack trace of thread:
 java.base/java.lang.Object.wait0(Native Method)
 java.base/java.lang.Object.wait(Object.java:389)
 java.base/java.lang.ref.ReferenceQueue.remove0(ReferenceQueue.java:124)
 java.base/java.lang.ref.ReferenceQueue.remove(ReferenceQueue.java:215)
 com.mysql.cj.jdbc.AbandonedConnectionCleanupThread.run(AbandonedConnectionCleanupThread.java:84)
 java.base/java.util.concurrent.ThreadPoolExecutor.runWorker(ThreadPoolExecutor.java:1095)
 java.base/java.util.concurrent.ThreadPoolExecutor$Worker.run(ThreadPoolExecutor.java:619)
 java.base/java.lang.Thread.run(Thread.java:1447)
28-Jun-2026 19:18:00.070 INFO [Thread-1] org.apache.coyote.AbstractProtocol.stop Stopping ProtocolHandler ["http-nio-8080"]
28-Jun-2026 19:18:00.090 INFO [Thread-1] org.apache.coyote.AbstractProtocol.destroy Destroying ProtocolHandler ["http-nio-8080"]
28-Jun-2026 19:27:03.379 INFO [main] org.apache.catalina.startup.VersionLoggerListener.log Server version name:   Apache Tomcat/11.0.23
28-Jun-2026 19:27:03.443 INFO [main] org.apache.catalina.startup.VersionLoggerListener.log Server built:          Jun 17 2026 21:31:25 UTC
28-Jun-2026 19:27:03.449 INFO [main] org.apache.catalina.startup.VersionLoggerListener.log Server version number: 11.0.23.0
28-Jun-2026 19:27:03.452 INFO [main] org.apache.catalina.startup.VersionLoggerListener.log OS Name:               Windows 11
28-Jun-2026 19:27:03.454 INFO [main] org.apache.catalina.startup.VersionLoggerListener.log OS Version:            10.0
28-Jun-2026 19:27:03.456 INFO [main] org.apache.catalina.startup.VersionLoggerListener.log Architecture:          amd64
28-Jun-2026 19:27:03.458 INFO [main] org.apache.catalina.startup.VersionLoggerListener.log Java Home:             C:\Program Files\jdk-24.0.2
28-Jun-2026 19:27:03.461 INFO [main] org.apache.catalina.startup.VersionLoggerListener.log JVM Version:           24.0.2+12-54
28-Jun-2026 19:27:03.464 INFO [main] org.apache.catalina.startup.VersionLoggerListener.log JVM Vendor:            Oracle Corporation
28-Jun-2026 19:27:03.470 INFO [main] org.apache.catalina.startup.VersionLoggerListener.log CATALINA_BASE:         C:\Users\pcc\Desktop\Online_Chat_App
28-Jun-2026 19:27:03.475 INFO [main] org.apache.catalina.startup.VersionLoggerListener.log CATALINA_HOME:         C:\Users\pcc\Desktop\Tomcat 11.0_Tomcat11.1
28-Jun-2026 19:27:03.912 INFO [main] org.apache.catalina.startup.VersionLoggerListener.log Command line argument: --add-opens=java.base/java.lang=ALL-UNNAMED
28-Jun-2026 19:27:03.917 INFO [main] org.apache.catalina.startup.VersionLoggerListener.log Command line argument: --add-opens=java.base/java.io=ALL-UNNAMED
28-Jun-2026 19:27:03.920 INFO [main] org.apache.catalina.startup.VersionLoggerListener.log Command line argument: --add-opens=java.base/java.util=ALL-UNNAMED
28-Jun-2026 19:27:03.922 INFO [main] org.apache.catalina.startup.VersionLoggerListener.log Command line argument: --add-opens=java.base/java.util.concurrent=ALL-UNNAMED
28-Jun-2026 19:27:03.924 INFO [main] org.apache.catalina.startup.VersionLoggerListener.log Command line argument: --add-opens=java.rmi/sun.rmi.transport=ALL-UNNAMED
28-Jun-2026 19:27:03.933 INFO [main] org.apache.catalina.startup.VersionLoggerListener.log Command line argument: -Dcatalina.home=C:\Users\pcc\Desktop\Tomcat 11.0_Tomcat11.1
28-Jun-2026 19:27:03.936 INFO [main] org.apache.catalina.startup.VersionLoggerListener.log Command line argument: -Dcatalina.base=C:\Users\pcc\Desktop\Online_Chat_App
28-Jun-2026 19:27:03.938 INFO [main] org.apache.catalina.startup.VersionLoggerListener.log Command line argument: -Djava.io.tmpdir=C:\Users\pcc\Desktop\Online_Chat_App\temp
28-Jun-2026 19:27:03.966 INFO [main] org.apache.catalina.startup.VersionLoggerListener.log Command line argument: -Djava.util.logging.config.file=C:\Users\pcc\Desktop\Online_Chat_App\conf\logging.properties
28-Jun-2026 19:27:03.969 INFO [main] org.apache.catalina.startup.VersionLoggerListener.log Command line argument: -Djava.util.logging.manager=org.apache.juli.ClassLoaderLogManager
28-Jun-2026 19:27:03.976 INFO [main] org.apache.catalina.startup.VersionLoggerListener.log Command line argument: -javaagent:C:\Program Files\JetBrains\IntelliJ IDEA 2026.1.2\lib\idea_rt.jar=52787
28-Jun-2026 19:27:03.981 INFO [main] org.apache.catalina.startup.VersionLoggerListener.log Command line argument: -Dfile.encoding=UTF-8
28-Jun-2026 19:27:03.990 INFO [main] org.apache.catalina.startup.VersionLoggerListener.log Command line argument: -Dsun.stdout.encoding=UTF-8
28-Jun-2026 19:27:03.997 INFO [main] org.apache.catalina.startup.VersionLoggerListener.log Command line argument: -Dsun.stderr.encoding=UTF-8
28-Jun-2026 19:27:04.583 INFO [main] org.apache.catalina.core.AprLifecycleListener.lifecycleEvent The Apache Tomcat Native library which allows using OpenSSL was not found on the java.library.path: [C:\Program Files\jdk-24.0.2\bin;C:\WINDOWS\Sun\Java\bin;C:\WINDOWS\system32;C:\WINDOWS;C:\WINDOWS;C:\WINDOWS\system32;C:\WINDOWS\System32\Wbem;C:\WINDOWS\System32\WindowsPowerShell\v1.0\;C:\WINDOWS\System32\OpenSSH\;C:\Program Files\gs\gs10.05.1\bin;C:\Program Files\Microsoft VS Code\bin;C:\Program Files (x86)\dotnet\;C:\Program Files\jdk-24.0.2\bin;C:\apache-maven-4.0.0-rc-5\bin;C:\Program Files\Git\cmd;C:\Program Files\nodejs\;C:\Users\pcc\AppData\Local\Programs\Python\Python310\Scripts\;C:\Users\pcc\AppData\Local\Programs\Python\Python310\;C:\Users\pcc\AppData\Local\Programs\Python\Launcher\;C:\Users\pcc\AppData\Local\Microsoft\WindowsApps;C:\Users\pcc\AppData\Local\GitHubDesktop\bin;C:\Users\pcc\AppData\Roaming\npm;C:\Program Files\JetBrains\IntelliJ IDEA 2026.1.2\bin;.]
28-Jun-2026 19:27:06.592 INFO [main] org.apache.coyote.AbstractProtocol.init Initializing ProtocolHandler ["http-nio-8080"]
28-Jun-2026 19:27:06.619 INFO [main] org.apache.catalina.startup.Catalina.load Server initialization in [6026] milliseconds
28-Jun-2026 19:27:06.726 INFO [main] org.apache.catalina.core.StandardService.startInternal Starting service [Catalina]
28-Jun-2026 19:27:06.726 INFO [main] org.apache.catalina.core.StandardEngine.startInternal Starting Servlet engine: [Apache Tomcat/11.0.23]
28-Jun-2026 19:27:06.751 INFO [main] org.apache.catalina.startup.HostConfig.deployDescriptor Deploying deployment descriptor [C:\Users\pcc\Desktop\Online_Chat_App\conf\Catalina\localhost\EmployeeManagementSystem.xml]
28-Jun-2026 19:27:06.795 WARNING [main] org.apache.catalina.startup.HostConfig.deployDescriptor The path attribute with value [/EmployeeManagementSystem] in deployment descriptor [C:\Users\pcc\Desktop\Online_Chat_App\conf\Catalina\localhost\EmployeeManagementSystem.xml] has been ignored
28-Jun-2026 19:27:06.883 SEVERE [main] org.apache.catalina.startup.HostConfig.deployDescriptor Error deploying deployment descriptor [C:\Users\pcc\Desktop\Online_Chat_App\conf\Catalina\localhost\EmployeeManagementSystem.xml]
	java.lang.IllegalStateException: Error starting child
		at org.apache.catalina.core.ContainerBase.addChild(ContainerBase.java:586)
		at org.apache.catalina.core.StandardHost.addChild(StandardHost.java:677)
		at org.apache.catalina.startup.HostConfig.deployDescriptor(HostConfig.java:628)
		at org.apache.catalina.startup.HostConfig$DeployDescriptor.run(HostConfig.java:1860)
		at java.base/java.util.concurrent.Executors$RunnableAdapter.call(Executors.java:545)
		at java.base/java.util.concurrent.FutureTask.run(FutureTask.java:328)
		at org.apache.tomcat.util.threads.InlineExecutorService.execute(InlineExecutorService.java:92)
		at java.base/java.util.concurrent.AbstractExecutorService.submit(AbstractExecutorService.java:124)
		at org.apache.catalina.startup.HostConfig.deployDescriptors(HostConfig.java:517)
		at org.apache.catalina.startup.HostConfig.deployApps(HostConfig.java:408)
		at org.apache.catalina.startup.HostConfig.start(HostConfig.java:1605)
		at org.apache.catalina.startup.HostConfig.lifecycleEvent(HostConfig.java:286)
		at org.apache.catalina.util.LifecycleBase.fireLifecycleEvent(LifecycleBase.java:115)
		at org.apache.catalina.util.LifecycleBase.setStateInternal(LifecycleBase.java:395)
		at org.apache.catalina.util.LifecycleBase.setState(LifecycleBase.java:342)
		at org.apache.catalina.core.ContainerBase.startInternal(ContainerBase.java:759)
		at org.apache.catalina.core.StandardHost.startInternal(StandardHost.java:794)
		at org.apache.catalina.util.LifecycleBase.start(LifecycleBase.java:170)
		at org.apache.catalina.core.ContainerBase$StartChild.call(ContainerBase.java:1204)
		at org.apache.catalina.core.ContainerBase$StartChild.call(ContainerBase.java:1200)
		at java.base/java.util.concurrent.FutureTask.run(FutureTask.java:328)
		at org.apache.tomcat.util.threads.InlineExecutorService.execute(InlineExecutorService.java:92)
		at java.base/java.util.concurrent.AbstractExecutorService.submit(AbstractExecutorService.java:148)
		at org.apache.catalina.core.ContainerBase.startInternal(ContainerBase.java:732)
		at org.apache.catalina.core.StandardEngine.startInternal(StandardEngine.java:201)
		at org.apache.catalina.util.LifecycleBase.start(LifecycleBase.java:170)
		at org.apache.catalina.core.StandardService.startInternal(StandardService.java:433)
		at org.apache.catalina.util.LifecycleBase.start(LifecycleBase.java:170)
		at org.apache.catalina.core.StandardServer.startInternal(StandardServer.java:871)
		at org.apache.catalina.util.LifecycleBase.start(LifecycleBase.java:170)
		at org.apache.catalina.startup.Catalina.start(Catalina.java:882)
		at java.base/jdk.internal.reflect.DirectMethodHandleAccessor.invoke(DirectMethodHandleAccessor.java:104)
		at java.base/java.lang.reflect.Method.invoke(Method.java:565)
		at org.apache.catalina.startup.Bootstrap.start(Bootstrap.java:345)
		at org.apache.catalina.startup.Bootstrap.main(Bootstrap.java:482)
	Caused by: org.apache.catalina.LifecycleException: Failed to start component [org.apache.catalina.webresources.StandardRoot@20b2475a]
		at org.apache.catalina.util.LifecycleBase.handleSubClassException(LifecycleBase.java:410)
		at org.apache.catalina.util.LifecycleBase.start(LifecycleBase.java:185)
		at org.apache.catalina.core.StandardContext.resourcesStart(StandardContext.java:4272)
		at org.apache.catalina.core.StandardContext.startInternal(StandardContext.java:4394)
		at org.apache.catalina.util.LifecycleBase.start(LifecycleBase.java:170)
		at org.apache.catalina.core.ContainerBase.addChild(ContainerBase.java:583)
		... 34 more
	Caused by: java.lang.IllegalArgumentException: The main resource set specified [C:\Users\pcc\Documents\NetBeansProjects\EmployeeManagementSystem\build\web] is not a directory or war file, or is not readable (it does not exist or permissions to access it are missing)
		at org.apache.catalina.webresources.StandardRoot.createMainResourceSet(StandardRoot.java:813)
		at org.apache.catalina.webresources.StandardRoot.startInternal(StandardRoot.java:765)
		at org.apache.catalina.util.LifecycleBase.start(LifecycleBase.java:170)
		... 38 more
28-Jun-2026 19:27:06.891 INFO [main] org.apache.catalina.startup.HostConfig.deployDescriptor Deployment of deployment descriptor [C:\Users\pcc\Desktop\Online_Chat_App\conf\Catalina\localhost\EmployeeManagementSystem.xml] has finished in [138] ms
28-Jun-2026 19:27:06.892 INFO [main] org.apache.catalina.startup.HostConfig.deployDescriptor Deploying deployment descriptor [C:\Users\pcc\Desktop\Online_Chat_App\conf\Catalina\localhost\Online_Chat_App.xml]
28-Jun-2026 19:27:08.860 INFO [main] org.apache.jasper.servlet.TldScanner.scanJars At least one JAR was scanned for TLDs yet contained no TLDs. Enable debug logging for this logger for a complete list of JARs that were scanned but no TLDs were found in them. Skipping unneeded JARs during scanning can improve startup time and JSP compilation time.
28-Jun-2026 19:27:08.929 INFO [main] org.apache.catalina.startup.HostConfig.deployDescriptor Deployment of deployment descriptor [C:\Users\pcc\Desktop\Online_Chat_App\conf\Catalina\localhost\Online_Chat_App.xml] has finished in [2,037] ms
28-Jun-2026 19:27:08.929 INFO [main] org.apache.catalina.startup.HostConfig.deployDescriptor Deploying deployment descriptor [C:\Users\pcc\Desktop\Online_Chat_App\conf\Catalina\localhost\ROOT.xml]
28-Jun-2026 19:27:08.931 WARNING [main] org.apache.catalina.startup.HostConfig.deployDescriptor The path attribute with value [/EmployeeManagementSystem] in deployment descriptor [C:\Users\pcc\Desktop\Online_Chat_App\conf\Catalina\localhost\ROOT.xml] has been ignored
28-Jun-2026 19:27:08.938 SEVERE [main] org.apache.catalina.startup.HostConfig.deployDescriptor Error deploying deployment descriptor [C:\Users\pcc\Desktop\Online_Chat_App\conf\Catalina\localhost\ROOT.xml]
	java.lang.IllegalStateException: Error starting child
		at org.apache.catalina.core.ContainerBase.addChild(ContainerBase.java:586)
		at org.apache.catalina.core.StandardHost.addChild(StandardHost.java:677)
		at org.apache.catalina.startup.HostConfig.deployDescriptor(HostConfig.java:628)
		at org.apache.catalina.startup.HostConfig$DeployDescriptor.run(HostConfig.java:1860)
		at java.base/java.util.concurrent.Executors$RunnableAdapter.call(Executors.java:545)
		at java.base/java.util.concurrent.FutureTask.run(FutureTask.java:328)
		at org.apache.tomcat.util.threads.InlineExecutorService.execute(InlineExecutorService.java:92)
		at java.base/java.util.concurrent.AbstractExecutorService.submit(AbstractExecutorService.java:124)
		at org.apache.catalina.startup.HostConfig.deployDescriptors(HostConfig.java:517)
		at org.apache.catalina.startup.HostConfig.deployApps(HostConfig.java:408)
		at org.apache.catalina.startup.HostConfig.start(HostConfig.java:1605)
		at org.apache.catalina.startup.HostConfig.lifecycleEvent(HostConfig.java:286)
		at org.apache.catalina.util.LifecycleBase.fireLifecycleEvent(LifecycleBase.java:115)
		at org.apache.catalina.util.LifecycleBase.setStateInternal(LifecycleBase.java:395)
		at org.apache.catalina.util.LifecycleBase.setState(LifecycleBase.java:342)
		at org.apache.catalina.core.ContainerBase.startInternal(ContainerBase.java:759)
		at org.apache.catalina.core.StandardHost.startInternal(StandardHost.java:794)
		at org.apache.catalina.util.LifecycleBase.start(LifecycleBase.java:170)
		at org.apache.catalina.core.ContainerBase$StartChild.call(ContainerBase.java:1204)
		at org.apache.catalina.core.ContainerBase$StartChild.call(ContainerBase.java:1200)
		at java.base/java.util.concurrent.FutureTask.run(FutureTask.java:328)
		at org.apache.tomcat.util.threads.InlineExecutorService.execute(InlineExecutorService.java:92)
		at java.base/java.util.concurrent.AbstractExecutorService.submit(AbstractExecutorService.java:148)
		at org.apache.catalina.core.ContainerBase.startInternal(ContainerBase.java:732)
		at org.apache.catalina.core.StandardEngine.startInternal(StandardEngine.java:201)
		at org.apache.catalina.util.LifecycleBase.start(LifecycleBase.java:170)
		at org.apache.catalina.core.StandardService.startInternal(StandardService.java:433)
		at org.apache.catalina.util.LifecycleBase.start(LifecycleBase.java:170)
		at org.apache.catalina.core.StandardServer.startInternal(StandardServer.java:871)
		at org.apache.catalina.util.LifecycleBase.start(LifecycleBase.java:170)
		at org.apache.catalina.startup.Catalina.start(Catalina.java:882)
		at java.base/jdk.internal.reflect.DirectMethodHandleAccessor.invoke(DirectMethodHandleAccessor.java:104)
		at java.base/java.lang.reflect.Method.invoke(Method.java:565)
		at org.apache.catalina.startup.Bootstrap.start(Bootstrap.java:345)
		at org.apache.catalina.startup.Bootstrap.main(Bootstrap.java:482)
	Caused by: org.apache.catalina.LifecycleException: Failed to initialize component [org.apache.catalina.webresources.DirResourceSet@4f3faa70]
		at org.apache.catalina.util.LifecycleBase.handleSubClassException(LifecycleBase.java:410)
		at org.apache.catalina.util.LifecycleBase.init(LifecycleBase.java:131)
		at org.apache.catalina.webresources.StandardRoot.initInternal(StandardRoot.java:744)
		at org.apache.catalina.util.LifecycleBase.init(LifecycleBase.java:128)
		at org.apache.catalina.util.LifecycleBase.start(LifecycleBase.java:161)
		at org.apache.catalina.core.StandardContext.resourcesStart(StandardContext.java:4272)
		at org.apache.catalina.core.StandardContext.startInternal(StandardContext.java:4394)
		at org.apache.catalina.util.LifecycleBase.start(LifecycleBase.java:170)
		at org.apache.catalina.core.ContainerBase.addChild(ContainerBase.java:583)
		... 34 more
	Caused by: java.lang.IllegalArgumentException: The directory specified by base and internal path [C:/Users/pcc/Desktop/EmployeeManagementSystem/target/classes]\[] does not exist.
		at org.apache.catalina.webresources.DirResourceSet.checkType(DirResourceSet.java:320)
		at org.apache.catalina.webresources.AbstractFileResourceSet.initInternal(AbstractFileResourceSet.java:282)
		at org.apache.catalina.webresources.DirResourceSet.initInternal(DirResourceSet.java:327)
		at org.apache.catalina.util.LifecycleBase.init(LifecycleBase.java:128)
		... 41 more
28-Jun-2026 19:27:08.947 INFO [main] org.apache.catalina.startup.HostConfig.deployDescriptor Deployment of deployment descriptor [C:\Users\pcc\Desktop\Online_Chat_App\conf\Catalina\localhost\ROOT.xml] has finished in [18] ms
28-Jun-2026 19:27:08.953 INFO [main] org.apache.coyote.AbstractProtocol.start Starting ProtocolHandler ["http-nio-8080"]
28-Jun-2026 19:27:08.993 INFO [main] org.apache.catalina.startup.Catalina.start Server startup in [2371] milliseconds
28-Jun-2026 19:35:45.442 INFO [Thread-1] org.apache.coyote.AbstractProtocol.pause Pausing ProtocolHandler ["http-nio-8080"]
28-Jun-2026 19:35:45.470 INFO [Thread-1] org.apache.catalina.core.StandardService.stopInternal Stopping service [Catalina]
28-Jun-2026 19:35:45.516 WARNING [Thread-1] org.apache.catalina.loader.WebappClassLoaderBase.clearReferencesJdbc The web application [Online_Chat_App] registered the JDBC driver [com.mysql.cj.jdbc.Driver] but failed to unregister it when the web application was stopped. To prevent a memory leak, the JDBC Driver has been forcibly unregistered.
28-Jun-2026 19:35:45.518 WARNING [Thread-1] org.apache.catalina.loader.WebappClassLoaderBase.clearReferencesThreads The web application [Online_Chat_App] appears to have started a thread named [mysql-cj-abandoned-connection-cleanup] but has failed to stop it. This is very likely to create a memory leak. Stack trace of thread:
 java.base/java.lang.Object.wait0(Native Method)
 java.base/java.lang.Object.wait(Object.java:389)
 java.base/java.lang.ref.ReferenceQueue.remove0(ReferenceQueue.java:124)
 java.base/java.lang.ref.ReferenceQueue.remove(ReferenceQueue.java:215)
 com.mysql.cj.jdbc.AbandonedConnectionCleanupThread.run(AbandonedConnectionCleanupThread.java:84)
 java.base/java.util.concurrent.ThreadPoolExecutor.runWorker(ThreadPoolExecutor.java:1095)
 java.base/java.util.concurrent.ThreadPoolExecutor$Worker.run(ThreadPoolExecutor.java:619)
 java.base/java.lang.Thread.run(Thread.java:1447)
28-Jun-2026 19:35:45.546 INFO [Thread-1] org.apache.coyote.AbstractProtocol.stop Stopping ProtocolHandler ["http-nio-8080"]
28-Jun-2026 19:35:45.574 INFO [Thread-1] org.apache.coyote.AbstractProtocol.destroy Destroying ProtocolHandler ["http-nio-8080"]
28-Jun-2026 19:41:57.265 INFO [main] org.apache.catalina.startup.VersionLoggerListener.log Server version name:   Apache Tomcat/11.0.23
28-Jun-2026 19:41:57.271 INFO [main] org.apache.catalina.startup.VersionLoggerListener.log Server built:          Jun 17 2026 21:31:25 UTC
28-Jun-2026 19:41:57.272 INFO [main] org.apache.catalina.startup.VersionLoggerListener.log Server version number: 11.0.23.0
28-Jun-2026 19:41:57.272 INFO [main] org.apache.catalina.startup.VersionLoggerListener.log OS Name:               Windows 11
28-Jun-2026 19:41:57.272 INFO [main] org.apache.catalina.startup.VersionLoggerListener.log OS Version:            10.0
28-Jun-2026 19:41:57.273 INFO [main] org.apache.catalina.startup.VersionLoggerListener.log Architecture:          amd64
28-Jun-2026 19:41:57.273 INFO [main] org.apache.catalina.startup.VersionLoggerListener.log Java Home:             C:\Program Files\jdk-24.0.2
28-Jun-2026 19:41:57.273 INFO [main] org.apache.catalina.startup.VersionLoggerListener.log JVM Version:           24.0.2+12-54
28-Jun-2026 19:41:57.273 INFO [main] org.apache.catalina.startup.VersionLoggerListener.log JVM Vendor:            Oracle Corporation
28-Jun-2026 19:41:57.274 INFO [main] org.apache.catalina.startup.VersionLoggerListener.log CATALINA_BASE:         C:\Users\pcc\Desktop\Online_Chat_App
28-Jun-2026 19:41:57.274 INFO [main] org.apache.catalina.startup.VersionLoggerListener.log CATALINA_HOME:         C:\Users\pcc\Desktop\Tomcat 11.0_Tomcat11.1
28-Jun-2026 19:41:57.296 INFO [main] org.apache.catalina.startup.VersionLoggerListener.log Command line argument: --add-opens=java.base/java.lang=ALL-UNNAMED
28-Jun-2026 19:41:57.296 INFO [main] org.apache.catalina.startup.VersionLoggerListener.log Command line argument: --add-opens=java.base/java.io=ALL-UNNAMED
28-Jun-2026 19:41:57.297 INFO [main] org.apache.catalina.startup.VersionLoggerListener.log Command line argument: --add-opens=java.base/java.util=ALL-UNNAMED
28-Jun-2026 19:41:57.297 INFO [main] org.apache.catalina.startup.VersionLoggerListener.log Command line argument: --add-opens=java.base/java.util.concurrent=ALL-UNNAMED
28-Jun-2026 19:41:57.298 INFO [main] org.apache.catalina.startup.VersionLoggerListener.log Command line argument: --add-opens=java.rmi/sun.rmi.transport=ALL-UNNAMED
28-Jun-2026 19:41:57.298 INFO [main] org.apache.catalina.startup.VersionLoggerListener.log Command line argument: -Dcatalina.home=C:\Users\pcc\Desktop\Tomcat 11.0_Tomcat11.1
28-Jun-2026 19:41:57.298 INFO [main] org.apache.catalina.startup.VersionLoggerListener.log Command line argument: -Dcatalina.base=C:\Users\pcc\Desktop\Online_Chat_App
28-Jun-2026 19:41:57.298 INFO [main] org.apache.catalina.startup.VersionLoggerListener.log Command line argument: -Djava.io.tmpdir=C:\Users\pcc\Desktop\Online_Chat_App\temp
28-Jun-2026 19:41:57.298 INFO [main] org.apache.catalina.startup.VersionLoggerListener.log Command line argument: -Djava.util.logging.config.file=C:\Users\pcc\Desktop\Online_Chat_App\conf\logging.properties
28-Jun-2026 19:41:57.299 INFO [main] org.apache.catalina.startup.VersionLoggerListener.log Command line argument: -Djava.util.logging.manager=org.apache.juli.ClassLoaderLogManager
28-Jun-2026 19:41:57.299 INFO [main] org.apache.catalina.startup.VersionLoggerListener.log Command line argument: -javaagent:C:\Program Files\JetBrains\IntelliJ IDEA 2026.1.2\lib\idea_rt.jar=55064
28-Jun-2026 19:41:57.299 INFO [main] org.apache.catalina.startup.VersionLoggerListener.log Command line argument: -Dfile.encoding=UTF-8
28-Jun-2026 19:41:57.299 INFO [main] org.apache.catalina.startup.VersionLoggerListener.log Command line argument: -Dsun.stdout.encoding=UTF-8
28-Jun-2026 19:41:57.299 INFO [main] org.apache.catalina.startup.VersionLoggerListener.log Command line argument: -Dsun.stderr.encoding=UTF-8
28-Jun-2026 19:41:57.312 INFO [main] org.apache.catalina.core.AprLifecycleListener.lifecycleEvent The Apache Tomcat Native library which allows using OpenSSL was not found on the java.library.path: [C:\Program Files\jdk-24.0.2\bin;C:\WINDOWS\Sun\Java\bin;C:\WINDOWS\system32;C:\WINDOWS;C:\WINDOWS;C:\WINDOWS\system32;C:\WINDOWS\System32\Wbem;C:\WINDOWS\System32\WindowsPowerShell\v1.0\;C:\WINDOWS\System32\OpenSSH\;C:\Program Files\gs\gs10.05.1\bin;C:\Program Files\Microsoft VS Code\bin;C:\Program Files (x86)\dotnet\;C:\Program Files\jdk-24.0.2\bin;C:\apache-maven-4.0.0-rc-5\bin;C:\Program Files\Git\cmd;C:\Program Files\nodejs\;C:\Users\pcc\AppData\Local\Programs\Python\Python310\Scripts\;C:\Users\pcc\AppData\Local\Programs\Python\Python310\;C:\Users\pcc\AppData\Local\Programs\Python\Launcher\;C:\Users\pcc\AppData\Local\Microsoft\WindowsApps;C:\Users\pcc\AppData\Local\GitHubDesktop\bin;C:\Users\pcc\AppData\Roaming\npm;C:\Program Files\JetBrains\IntelliJ IDEA 2026.1.2\bin;.]
28-Jun-2026 19:41:57.905 INFO [main] org.apache.coyote.AbstractProtocol.init Initializing ProtocolHandler ["http-nio-8080"]
28-Jun-2026 19:41:57.932 INFO [main] org.apache.catalina.startup.Catalina.load Server initialization in [1129] milliseconds
28-Jun-2026 19:41:58.052 INFO [main] org.apache.catalina.core.StandardService.startInternal Starting service [Catalina]
28-Jun-2026 19:41:58.052 INFO [main] org.apache.catalina.core.StandardEngine.startInternal Starting Servlet engine: [Apache Tomcat/11.0.23]
28-Jun-2026 19:41:58.082 INFO [main] org.apache.catalina.startup.HostConfig.deployDescriptor Deploying deployment descriptor [C:\Users\pcc\Desktop\Online_Chat_App\conf\Catalina\localhost\EmployeeManagementSystem.xml]
28-Jun-2026 19:41:58.137 WARNING [main] org.apache.catalina.startup.HostConfig.deployDescriptor The path attribute with value [/EmployeeManagementSystem] in deployment descriptor [C:\Users\pcc\Desktop\Online_Chat_App\conf\Catalina\localhost\EmployeeManagementSystem.xml] has been ignored
28-Jun-2026 19:41:58.222 SEVERE [main] org.apache.catalina.startup.HostConfig.deployDescriptor Error deploying deployment descriptor [C:\Users\pcc\Desktop\Online_Chat_App\conf\Catalina\localhost\EmployeeManagementSystem.xml]
	java.lang.IllegalStateException: Error starting child
		at org.apache.catalina.core.ContainerBase.addChild(ContainerBase.java:586)
		at org.apache.catalina.core.StandardHost.addChild(StandardHost.java:677)
		at org.apache.catalina.startup.HostConfig.deployDescriptor(HostConfig.java:628)
		at org.apache.catalina.startup.HostConfig$DeployDescriptor.run(HostConfig.java:1860)
		at java.base/java.util.concurrent.Executors$RunnableAdapter.call(Executors.java:545)
		at java.base/java.util.concurrent.FutureTask.run(FutureTask.java:328)
		at org.apache.tomcat.util.threads.InlineExecutorService.execute(InlineExecutorService.java:92)
		at java.base/java.util.concurrent.AbstractExecutorService.submit(AbstractExecutorService.java:124)
		at org.apache.catalina.startup.HostConfig.deployDescriptors(HostConfig.java:517)
		at org.apache.catalina.startup.HostConfig.deployApps(HostConfig.java:408)
		at org.apache.catalina.startup.HostConfig.start(HostConfig.java:1605)
		at org.apache.catalina.startup.HostConfig.lifecycleEvent(HostConfig.java:286)
		at org.apache.catalina.util.LifecycleBase.fireLifecycleEvent(LifecycleBase.java:115)
		at org.apache.catalina.util.LifecycleBase.setStateInternal(LifecycleBase.java:395)
		at org.apache.catalina.util.LifecycleBase.setState(LifecycleBase.java:342)
		at org.apache.catalina.core.ContainerBase.startInternal(ContainerBase.java:759)
		at org.apache.catalina.core.StandardHost.startInternal(StandardHost.java:794)
		at org.apache.catalina.util.LifecycleBase.start(LifecycleBase.java:170)
		at org.apache.catalina.core.ContainerBase$StartChild.call(ContainerBase.java:1204)
		at org.apache.catalina.core.ContainerBase$StartChild.call(ContainerBase.java:1200)
		at java.base/java.util.concurrent.FutureTask.run(FutureTask.java:328)
		at org.apache.tomcat.util.threads.InlineExecutorService.execute(InlineExecutorService.java:92)
		at java.base/java.util.concurrent.AbstractExecutorService.submit(AbstractExecutorService.java:148)
		at org.apache.catalina.core.ContainerBase.startInternal(ContainerBase.java:732)
		at org.apache.catalina.core.StandardEngine.startInternal(StandardEngine.java:201)
		at org.apache.catalina.util.LifecycleBase.start(LifecycleBase.java:170)
		at org.apache.catalina.core.StandardService.startInternal(StandardService.java:433)
		at org.apache.catalina.util.LifecycleBase.start(LifecycleBase.java:170)
		at org.apache.catalina.core.StandardServer.startInternal(StandardServer.java:871)
		at org.apache.catalina.util.LifecycleBase.start(LifecycleBase.java:170)
		at org.apache.catalina.startup.Catalina.start(Catalina.java:882)
		at java.base/jdk.internal.reflect.DirectMethodHandleAccessor.invoke(DirectMethodHandleAccessor.java:104)
		at java.base/java.lang.reflect.Method.invoke(Method.java:565)
		at org.apache.catalina.startup.Bootstrap.start(Bootstrap.java:345)
		at org.apache.catalina.startup.Bootstrap.main(Bootstrap.java:482)
	Caused by: org.apache.catalina.LifecycleException: Failed to start component [org.apache.catalina.webresources.StandardRoot@30f842ca]
		at org.apache.catalina.util.LifecycleBase.handleSubClassException(LifecycleBase.java:410)
		at org.apache.catalina.util.LifecycleBase.start(LifecycleBase.java:185)
		at org.apache.catalina.core.StandardContext.resourcesStart(StandardContext.java:4272)
		at org.apache.catalina.core.StandardContext.startInternal(StandardContext.java:4394)
		at org.apache.catalina.util.LifecycleBase.start(LifecycleBase.java:170)
		at org.apache.catalina.core.ContainerBase.addChild(ContainerBase.java:583)
		... 34 more
	Caused by: java.lang.IllegalArgumentException: The main resource set specified [C:\Users\pcc\Documents\NetBeansProjects\EmployeeManagementSystem\build\web] is not a directory or war file, or is not readable (it does not exist or permissions to access it are missing)
		at org.apache.catalina.webresources.StandardRoot.createMainResourceSet(StandardRoot.java:813)
		at org.apache.catalina.webresources.StandardRoot.startInternal(StandardRoot.java:765)
		at org.apache.catalina.util.LifecycleBase.start(LifecycleBase.java:170)
		... 38 more
28-Jun-2026 19:41:58.296 INFO [main] org.apache.catalina.startup.HostConfig.deployDescriptor Deployment of deployment descriptor [C:\Users\pcc\Desktop\Online_Chat_App\conf\Catalina\localhost\EmployeeManagementSystem.xml] has finished in [192] ms
28-Jun-2026 19:41:58.301 INFO [main] org.apache.catalina.startup.HostConfig.deployDescriptor Deploying deployment descriptor [C:\Users\pcc\Desktop\Online_Chat_App\conf\Catalina\localhost\Online_Chat_App.xml]
28-Jun-2026 19:42:04.843 INFO [main] org.apache.jasper.servlet.TldScanner.scanJars At least one JAR was scanned for TLDs yet contained no TLDs. Enable debug logging for this logger for a complete list of JARs that were scanned but no TLDs were found in them. Skipping unneeded JARs during scanning can improve startup time and JSP compilation time.
28-Jun-2026 19:42:04.926 INFO [main] org.apache.catalina.startup.HostConfig.deployDescriptor Deployment of deployment descriptor [C:\Users\pcc\Desktop\Online_Chat_App\conf\Catalina\localhost\Online_Chat_App.xml] has finished in [6,626] ms
28-Jun-2026 19:42:04.926 INFO [main] org.apache.catalina.startup.HostConfig.deployDescriptor Deploying deployment descriptor [C:\Users\pcc\Desktop\Online_Chat_App\conf\Catalina\localhost\ROOT.xml]
28-Jun-2026 19:42:04.927 WARNING [main] org.apache.catalina.startup.HostConfig.deployDescriptor The path attribute with value [/EmployeeManagementSystem] in deployment descriptor [C:\Users\pcc\Desktop\Online_Chat_App\conf\Catalina\localhost\ROOT.xml] has been ignored
28-Jun-2026 19:42:04.934 SEVERE [main] org.apache.catalina.startup.HostConfig.deployDescriptor Error deploying deployment descriptor [C:\Users\pcc\Desktop\Online_Chat_App\conf\Catalina\localhost\ROOT.xml]
	java.lang.IllegalStateException: Error starting child
		at org.apache.catalina.core.ContainerBase.addChild(ContainerBase.java:586)
		at org.apache.catalina.core.StandardHost.addChild(StandardHost.java:677)
		at org.apache.catalina.startup.HostConfig.deployDescriptor(HostConfig.java:628)
		at org.apache.catalina.startup.HostConfig$DeployDescriptor.run(HostConfig.java:1860)
		at java.base/java.util.concurrent.Executors$RunnableAdapter.call(Executors.java:545)
		at java.base/java.util.concurrent.FutureTask.run(FutureTask.java:328)
		at org.apache.tomcat.util.threads.InlineExecutorService.execute(InlineExecutorService.java:92)
		at java.base/java.util.concurrent.AbstractExecutorService.submit(AbstractExecutorService.java:124)
		at org.apache.catalina.startup.HostConfig.deployDescriptors(HostConfig.java:517)
		at org.apache.catalina.startup.HostConfig.deployApps(HostConfig.java:408)
		at org.apache.catalina.startup.HostConfig.start(HostConfig.java:1605)
		at org.apache.catalina.startup.HostConfig.lifecycleEvent(HostConfig.java:286)
		at org.apache.catalina.util.LifecycleBase.fireLifecycleEvent(LifecycleBase.java:115)
		at org.apache.catalina.util.LifecycleBase.setStateInternal(LifecycleBase.java:395)
		at org.apache.catalina.util.LifecycleBase.setState(LifecycleBase.java:342)
		at org.apache.catalina.core.ContainerBase.startInternal(ContainerBase.java:759)
		at org.apache.catalina.core.StandardHost.startInternal(StandardHost.java:794)
		at org.apache.catalina.util.LifecycleBase.start(LifecycleBase.java:170)
		at org.apache.catalina.core.ContainerBase$StartChild.call(ContainerBase.java:1204)
		at org.apache.catalina.core.ContainerBase$StartChild.call(ContainerBase.java:1200)
		at java.base/java.util.concurrent.FutureTask.run(FutureTask.java:328)
		at org.apache.tomcat.util.threads.InlineExecutorService.execute(InlineExecutorService.java:92)
		at java.base/java.util.concurrent.AbstractExecutorService.submit(AbstractExecutorService.java:148)
		at org.apache.catalina.core.ContainerBase.startInternal(ContainerBase.java:732)
		at org.apache.catalina.core.StandardEngine.startInternal(StandardEngine.java:201)
		at org.apache.catalina.util.LifecycleBase.start(LifecycleBase.java:170)
		at org.apache.catalina.core.StandardService.startInternal(StandardService.java:433)
		at org.apache.catalina.util.LifecycleBase.start(LifecycleBase.java:170)
		at org.apache.catalina.core.StandardServer.startInternal(StandardServer.java:871)
		at org.apache.catalina.util.LifecycleBase.start(LifecycleBase.java:170)
		at org.apache.catalina.startup.Catalina.start(Catalina.java:882)
		at java.base/jdk.internal.reflect.DirectMethodHandleAccessor.invoke(DirectMethodHandleAccessor.java:104)
		at java.base/java.lang.reflect.Method.invoke(Method.java:565)
		at org.apache.catalina.startup.Bootstrap.start(Bootstrap.java:345)
		at org.apache.catalina.startup.Bootstrap.main(Bootstrap.java:482)
	Caused by: org.apache.catalina.LifecycleException: Failed to initialize component [org.apache.catalina.webresources.DirResourceSet@2121d1f9]
		at org.apache.catalina.util.LifecycleBase.handleSubClassException(LifecycleBase.java:410)
		at org.apache.catalina.util.LifecycleBase.init(LifecycleBase.java:131)
		at org.apache.catalina.webresources.StandardRoot.initInternal(StandardRoot.java:744)
		at org.apache.catalina.util.LifecycleBase.init(LifecycleBase.java:128)
		at org.apache.catalina.util.LifecycleBase.start(LifecycleBase.java:161)
		at org.apache.catalina.core.StandardContext.resourcesStart(StandardContext.java:4272)
		at org.apache.catalina.core.StandardContext.startInternal(StandardContext.java:4394)
		at org.apache.catalina.util.LifecycleBase.start(LifecycleBase.java:170)
		at org.apache.catalina.core.ContainerBase.addChild(ContainerBase.java:583)
		... 34 more
	Caused by: java.lang.IllegalArgumentException: The directory specified by base and internal path [C:/Users/pcc/Desktop/EmployeeManagementSystem/target/classes]\[] does not exist.
		at org.apache.catalina.webresources.DirResourceSet.checkType(DirResourceSet.java:320)
		at org.apache.catalina.webresources.AbstractFileResourceSet.initInternal(AbstractFileResourceSet.java:282)
		at org.apache.catalina.webresources.DirResourceSet.initInternal(DirResourceSet.java:327)
		at org.apache.catalina.util.LifecycleBase.init(LifecycleBase.java:128)
		... 41 more
28-Jun-2026 19:42:04.943 INFO [main] org.apache.catalina.startup.HostConfig.deployDescriptor Deployment of deployment descriptor [C:\Users\pcc\Desktop\Online_Chat_App\conf\Catalina\localhost\ROOT.xml] has finished in [16] ms
28-Jun-2026 19:42:04.948 INFO [main] org.apache.coyote.AbstractProtocol.start Starting ProtocolHandler ["http-nio-8080"]
28-Jun-2026 19:42:04.981 INFO [main] org.apache.catalina.startup.Catalina.start Server startup in [7045] milliseconds
28-Jun-2026 19:54:36.043 INFO [main] org.apache.catalina.startup.VersionLoggerListener.log Server version name:   Apache Tomcat/11.0.23
28-Jun-2026 19:54:36.048 INFO [main] org.apache.catalina.startup.VersionLoggerListener.log Server built:          Jun 17 2026 21:31:25 UTC
28-Jun-2026 19:54:36.049 INFO [main] org.apache.catalina.startup.VersionLoggerListener.log Server version number: 11.0.23.0
28-Jun-2026 19:54:36.049 INFO [main] org.apache.catalina.startup.VersionLoggerListener.log OS Name:               Windows 11
28-Jun-2026 19:54:36.049 INFO [main] org.apache.catalina.startup.VersionLoggerListener.log OS Version:            10.0
28-Jun-2026 19:54:36.050 INFO [main] org.apache.catalina.startup.VersionLoggerListener.log Architecture:          amd64
28-Jun-2026 19:54:36.050 INFO [main] org.apache.catalina.startup.VersionLoggerListener.log Java Home:             C:\Program Files\jdk-24.0.2
28-Jun-2026 19:54:36.050 INFO [main] org.apache.catalina.startup.VersionLoggerListener.log JVM Version:           24.0.2+12-54
28-Jun-2026 19:54:36.050 INFO [main] org.apache.catalina.startup.VersionLoggerListener.log JVM Vendor:            Oracle Corporation
28-Jun-2026 19:54:36.050 INFO [main] org.apache.catalina.startup.VersionLoggerListener.log CATALINA_BASE:         C:\Users\pcc\Desktop\Online_Chat_App
28-Jun-2026 19:54:36.050 INFO [main] org.apache.catalina.startup.VersionLoggerListener.log CATALINA_HOME:         C:\Users\pcc\Desktop\Tomcat 11.0_Tomcat11.1
28-Jun-2026 19:54:36.067 INFO [main] org.apache.catalina.startup.VersionLoggerListener.log Command line argument: --add-opens=java.base/java.lang=ALL-UNNAMED
28-Jun-2026 19:54:36.067 INFO [main] org.apache.catalina.startup.VersionLoggerListener.log Command line argument: --add-opens=java.base/java.io=ALL-UNNAMED
28-Jun-2026 19:54:36.067 INFO [main] org.apache.catalina.startup.VersionLoggerListener.log Command line argument: --add-opens=java.base/java.util=ALL-UNNAMED
28-Jun-2026 19:54:36.067 INFO [main] org.apache.catalina.startup.VersionLoggerListener.log Command line argument: --add-opens=java.base/java.util.concurrent=ALL-UNNAMED
28-Jun-2026 19:54:36.067 INFO [main] org.apache.catalina.startup.VersionLoggerListener.log Command line argument: --add-opens=java.rmi/sun.rmi.transport=ALL-UNNAMED
28-Jun-2026 19:54:36.067 INFO [main] org.apache.catalina.startup.VersionLoggerListener.log Command line argument: -Dcatalina.home=C:\Users\pcc\Desktop\Tomcat 11.0_Tomcat11.1
28-Jun-2026 19:54:36.068 INFO [main] org.apache.catalina.startup.VersionLoggerListener.log Command line argument: -Dcatalina.base=C:\Users\pcc\Desktop\Online_Chat_App
28-Jun-2026 19:54:36.068 INFO [main] org.apache.catalina.startup.VersionLoggerListener.log Command line argument: -Djava.io.tmpdir=C:\Users\pcc\Desktop\Online_Chat_App\temp
28-Jun-2026 19:54:36.068 INFO [main] org.apache.catalina.startup.VersionLoggerListener.log Command line argument: -Djava.util.logging.config.file=C:\Users\pcc\Desktop\Online_Chat_App\conf\logging.properties
28-Jun-2026 19:54:36.068 INFO [main] org.apache.catalina.startup.VersionLoggerListener.log Command line argument: -Djava.util.logging.manager=org.apache.juli.ClassLoaderLogManager
28-Jun-2026 19:54:36.068 INFO [main] org.apache.catalina.startup.VersionLoggerListener.log Command line argument: -javaagent:C:\Program Files\JetBrains\IntelliJ IDEA 2026.1.2\lib\idea_rt.jar=50377
28-Jun-2026 19:54:36.068 INFO [main] org.apache.catalina.startup.VersionLoggerListener.log Command line argument: -Dfile.encoding=UTF-8
28-Jun-2026 19:54:36.069 INFO [main] org.apache.catalina.startup.VersionLoggerListener.log Command line argument: -Dsun.stdout.encoding=UTF-8
28-Jun-2026 19:54:36.069 INFO [main] org.apache.catalina.startup.VersionLoggerListener.log Command line argument: -Dsun.stderr.encoding=UTF-8
28-Jun-2026 19:54:36.081 INFO [main] org.apache.catalina.core.AprLifecycleListener.lifecycleEvent The Apache Tomcat Native library which allows using OpenSSL was not found on the java.library.path: [C:\Program Files\jdk-24.0.2\bin;C:\WINDOWS\Sun\Java\bin;C:\WINDOWS\system32;C:\WINDOWS;C:\WINDOWS;C:\WINDOWS\system32;C:\WINDOWS\System32\Wbem;C:\WINDOWS\System32\WindowsPowerShell\v1.0\;C:\WINDOWS\System32\OpenSSH\;C:\Program Files\gs\gs10.05.1\bin;C:\Program Files\Microsoft VS Code\bin;C:\Program Files (x86)\dotnet\;C:\Program Files\jdk-24.0.2\bin;C:\apache-maven-4.0.0-rc-5\bin;C:\Program Files\Git\cmd;C:\Program Files\nodejs\;C:\Users\pcc\AppData\Local\Programs\Python\Python310\Scripts\;C:\Users\pcc\AppData\Local\Programs\Python\Python310\;C:\Users\pcc\AppData\Local\Programs\Python\Launcher\;C:\Users\pcc\AppData\Local\Microsoft\WindowsApps;C:\Users\pcc\AppData\Local\GitHubDesktop\bin;C:\Users\pcc\AppData\Roaming\npm;C:\Program Files\JetBrains\IntelliJ IDEA 2026.1.2\bin;.]
28-Jun-2026 19:54:40.014 INFO [main] org.apache.coyote.AbstractProtocol.init Initializing ProtocolHandler ["http-nio-8080"]
28-Jun-2026 19:54:40.401 INFO [main] org.apache.catalina.startup.Catalina.load Server initialization in [4925] milliseconds
28-Jun-2026 19:54:41.537 INFO [main] org.apache.catalina.core.StandardService.startInternal Starting service [Catalina]
28-Jun-2026 19:54:41.545 INFO [main] org.apache.catalina.core.StandardEngine.startInternal Starting Servlet engine: [Apache Tomcat/11.0.23]
28-Jun-2026 19:54:41.725 INFO [main] org.apache.catalina.startup.HostConfig.deployDescriptor Deploying deployment descriptor [C:\Users\pcc\Desktop\Online_Chat_App\conf\Catalina\localhost\EmployeeManagementSystem.xml]
28-Jun-2026 19:54:41.801 WARNING [main] org.apache.catalina.startup.HostConfig.deployDescriptor The path attribute with value [/EmployeeManagementSystem] in deployment descriptor [C:\Users\pcc\Desktop\Online_Chat_App\conf\Catalina\localhost\EmployeeManagementSystem.xml] has been ignored
28-Jun-2026 19:54:41.865 SEVERE [main] org.apache.catalina.startup.HostConfig.deployDescriptor Error deploying deployment descriptor [C:\Users\pcc\Desktop\Online_Chat_App\conf\Catalina\localhost\EmployeeManagementSystem.xml]
	java.lang.IllegalStateException: Error starting child
		at org.apache.catalina.core.ContainerBase.addChild(ContainerBase.java:586)
		at org.apache.catalina.core.StandardHost.addChild(StandardHost.java:677)
		at org.apache.catalina.startup.HostConfig.deployDescriptor(HostConfig.java:628)
		at org.apache.catalina.startup.HostConfig$DeployDescriptor.run(HostConfig.java:1860)
		at java.base/java.util.concurrent.Executors$RunnableAdapter.call(Executors.java:545)
		at java.base/java.util.concurrent.FutureTask.run(FutureTask.java:328)
		at org.apache.tomcat.util.threads.InlineExecutorService.execute(InlineExecutorService.java:92)
		at java.base/java.util.concurrent.AbstractExecutorService.submit(AbstractExecutorService.java:124)
		at org.apache.catalina.startup.HostConfig.deployDescriptors(HostConfig.java:517)
		at org.apache.catalina.startup.HostConfig.deployApps(HostConfig.java:408)
		at org.apache.catalina.startup.HostConfig.start(HostConfig.java:1605)
		at org.apache.catalina.startup.HostConfig.lifecycleEvent(HostConfig.java:286)
		at org.apache.catalina.util.LifecycleBase.fireLifecycleEvent(LifecycleBase.java:115)
		at org.apache.catalina.util.LifecycleBase.setStateInternal(LifecycleBase.java:395)
		at org.apache.catalina.util.LifecycleBase.setState(LifecycleBase.java:342)
		at org.apache.catalina.core.ContainerBase.startInternal(ContainerBase.java:759)
		at org.apache.catalina.core.StandardHost.startInternal(StandardHost.java:794)
		at org.apache.catalina.util.LifecycleBase.start(LifecycleBase.java:170)
		at org.apache.catalina.core.ContainerBase$StartChild.call(ContainerBase.java:1204)
		at org.apache.catalina.core.ContainerBase$StartChild.call(ContainerBase.java:1200)
		at java.base/java.util.concurrent.FutureTask.run(FutureTask.java:328)
		at org.apache.tomcat.util.threads.InlineExecutorService.execute(InlineExecutorService.java:92)
		at java.base/java.util.concurrent.AbstractExecutorService.submit(AbstractExecutorService.java:148)
		at org.apache.catalina.core.ContainerBase.startInternal(ContainerBase.java:732)
		at org.apache.catalina.core.StandardEngine.startInternal(StandardEngine.java:201)
		at org.apache.catalina.util.LifecycleBase.start(LifecycleBase.java:170)
		at org.apache.catalina.core.StandardService.startInternal(StandardService.java:433)
		at org.apache.catalina.util.LifecycleBase.start(LifecycleBase.java:170)
		at org.apache.catalina.core.StandardServer.startInternal(StandardServer.java:871)
		at org.apache.catalina.util.LifecycleBase.start(LifecycleBase.java:170)
		at org.apache.catalina.startup.Catalina.start(Catalina.java:882)
		at java.base/jdk.internal.reflect.DirectMethodHandleAccessor.invoke(DirectMethodHandleAccessor.java:104)
		at java.base/java.lang.reflect.Method.invoke(Method.java:565)
		at org.apache.catalina.startup.Bootstrap.start(Bootstrap.java:345)
		at org.apache.catalina.startup.Bootstrap.main(Bootstrap.java:482)
	Caused by: org.apache.catalina.LifecycleException: Failed to start component [org.apache.catalina.webresources.StandardRoot@69c81773]
		at org.apache.catalina.util.LifecycleBase.handleSubClassException(LifecycleBase.java:410)
		at org.apache.catalina.util.LifecycleBase.start(LifecycleBase.java:185)
		at org.apache.catalina.core.StandardContext.resourcesStart(StandardContext.java:4272)
		at org.apache.catalina.core.StandardContext.startInternal(StandardContext.java:4394)
		at org.apache.catalina.util.LifecycleBase.start(LifecycleBase.java:170)
		at org.apache.catalina.core.ContainerBase.addChild(ContainerBase.java:583)
		... 34 more
	Caused by: java.lang.IllegalArgumentException: The main resource set specified [C:\Users\pcc\Documents\NetBeansProjects\EmployeeManagementSystem\build\web] is not a directory or war file, or is not readable (it does not exist or permissions to access it are missing)
		at org.apache.catalina.webresources.StandardRoot.createMainResourceSet(StandardRoot.java:813)
		at org.apache.catalina.webresources.StandardRoot.startInternal(StandardRoot.java:765)
		at org.apache.catalina.util.LifecycleBase.start(LifecycleBase.java:170)
		... 38 more
28-Jun-2026 19:54:41.873 INFO [main] org.apache.catalina.startup.HostConfig.deployDescriptor Deployment of deployment descriptor [C:\Users\pcc\Desktop\Online_Chat_App\conf\Catalina\localhost\EmployeeManagementSystem.xml] has finished in [148] ms
28-Jun-2026 19:54:41.873 INFO [main] org.apache.catalina.startup.HostConfig.deployDescriptor Deploying deployment descriptor [C:\Users\pcc\Desktop\Online_Chat_App\conf\Catalina\localhost\Online_Chat_App.xml]
28-Jun-2026 19:54:43.477 INFO [main] org.apache.jasper.servlet.TldScanner.scanJars At least one JAR was scanned for TLDs yet contained no TLDs. Enable debug logging for this logger for a complete list of JARs that were scanned but no TLDs were found in them. Skipping unneeded JARs during scanning can improve startup time and JSP compilation time.
28-Jun-2026 19:54:43.551 INFO [main] org.apache.catalina.startup.HostConfig.deployDescriptor Deployment of deployment descriptor [C:\Users\pcc\Desktop\Online_Chat_App\conf\Catalina\localhost\Online_Chat_App.xml] has finished in [1,678] ms
28-Jun-2026 19:54:43.552 INFO [main] org.apache.catalina.startup.HostConfig.deployDescriptor Deploying deployment descriptor [C:\Users\pcc\Desktop\Online_Chat_App\conf\Catalina\localhost\ROOT.xml]
28-Jun-2026 19:54:43.553 WARNING [main] org.apache.catalina.startup.HostConfig.deployDescriptor The path attribute with value [/EmployeeManagementSystem] in deployment descriptor [C:\Users\pcc\Desktop\Online_Chat_App\conf\Catalina\localhost\ROOT.xml] has been ignored
28-Jun-2026 19:54:43.560 SEVERE [main] org.apache.catalina.startup.HostConfig.deployDescriptor Error deploying deployment descriptor [C:\Users\pcc\Desktop\Online_Chat_App\conf\Catalina\localhost\ROOT.xml]
	java.lang.IllegalStateException: Error starting child
		at org.apache.catalina.core.ContainerBase.addChild(ContainerBase.java:586)
		at org.apache.catalina.core.StandardHost.addChild(StandardHost.java:677)
		at org.apache.catalina.startup.HostConfig.deployDescriptor(HostConfig.java:628)
		at org.apache.catalina.startup.HostConfig$DeployDescriptor.run(HostConfig.java:1860)
		at java.base/java.util.concurrent.Executors$RunnableAdapter.call(Executors.java:545)
		at java.base/java.util.concurrent.FutureTask.run(FutureTask.java:328)
		at org.apache.tomcat.util.threads.InlineExecutorService.execute(InlineExecutorService.java:92)
		at java.base/java.util.concurrent.AbstractExecutorService.submit(AbstractExecutorService.java:124)
		at org.apache.catalina.startup.HostConfig.deployDescriptors(HostConfig.java:517)
		at org.apache.catalina.startup.HostConfig.deployApps(HostConfig.java:408)
		at org.apache.catalina.startup.HostConfig.start(HostConfig.java:1605)
		at org.apache.catalina.startup.HostConfig.lifecycleEvent(HostConfig.java:286)
		at org.apache.catalina.util.LifecycleBase.fireLifecycleEvent(LifecycleBase.java:115)
		at org.apache.catalina.util.LifecycleBase.setStateInternal(LifecycleBase.java:395)
		at org.apache.catalina.util.LifecycleBase.setState(LifecycleBase.java:342)
		at org.apache.catalina.core.ContainerBase.startInternal(ContainerBase.java:759)
		at org.apache.catalina.core.StandardHost.startInternal(StandardHost.java:794)
		at org.apache.catalina.util.LifecycleBase.start(LifecycleBase.java:170)
		at org.apache.catalina.core.ContainerBase$StartChild.call(ContainerBase.java:1204)
		at org.apache.catalina.core.ContainerBase$StartChild.call(ContainerBase.java:1200)
		at java.base/java.util.concurrent.FutureTask.run(FutureTask.java:328)
		at org.apache.tomcat.util.threads.InlineExecutorService.execute(InlineExecutorService.java:92)
		at java.base/java.util.concurrent.AbstractExecutorService.submit(AbstractExecutorService.java:148)
		at org.apache.catalina.core.ContainerBase.startInternal(ContainerBase.java:732)
		at org.apache.catalina.core.StandardEngine.startInternal(StandardEngine.java:201)
		at org.apache.catalina.util.LifecycleBase.start(LifecycleBase.java:170)
		at org.apache.catalina.core.StandardService.startInternal(StandardService.java:433)
		at org.apache.catalina.util.LifecycleBase.start(LifecycleBase.java:170)
		at org.apache.catalina.core.StandardServer.startInternal(StandardServer.java:871)
		at org.apache.catalina.util.LifecycleBase.start(LifecycleBase.java:170)
		at org.apache.catalina.startup.Catalina.start(Catalina.java:882)
		at java.base/jdk.internal.reflect.DirectMethodHandleAccessor.invoke(DirectMethodHandleAccessor.java:104)
		at java.base/java.lang.reflect.Method.invoke(Method.java:565)
		at org.apache.catalina.startup.Bootstrap.start(Bootstrap.java:345)
		at org.apache.catalina.startup.Bootstrap.main(Bootstrap.java:482)
	Caused by: org.apache.catalina.LifecycleException: Failed to initialize component [org.apache.catalina.webresources.DirResourceSet@61a91c9b]
		at org.apache.catalina.util.LifecycleBase.handleSubClassException(LifecycleBase.java:410)
		at org.apache.catalina.util.LifecycleBase.init(LifecycleBase.java:131)
		at org.apache.catalina.webresources.StandardRoot.initInternal(StandardRoot.java:744)
		at org.apache.catalina.util.LifecycleBase.init(LifecycleBase.java:128)
		at org.apache.catalina.util.LifecycleBase.start(LifecycleBase.java:161)
		at org.apache.catalina.core.StandardContext.resourcesStart(StandardContext.java:4272)
		at org.apache.catalina.core.StandardContext.startInternal(StandardContext.java:4394)
		at org.apache.catalina.util.LifecycleBase.start(LifecycleBase.java:170)
		at org.apache.catalina.core.ContainerBase.addChild(ContainerBase.java:583)
		... 34 more
	Caused by: java.lang.IllegalArgumentException: The directory specified by base and internal path [C:/Users/pcc/Desktop/EmployeeManagementSystem/target/classes]\[] does not exist.
		at org.apache.catalina.webresources.DirResourceSet.checkType(DirResourceSet.java:320)
		at org.apache.catalina.webresources.AbstractFileResourceSet.initInternal(AbstractFileResourceSet.java:282)
		at org.apache.catalina.webresources.DirResourceSet.initInternal(DirResourceSet.java:327)
		at org.apache.catalina.util.LifecycleBase.init(LifecycleBase.java:128)
		... 41 more
28-Jun-2026 19:54:43.563 INFO [main] org.apache.catalina.startup.HostConfig.deployDescriptor Deployment of deployment descriptor [C:\Users\pcc\Desktop\Online_Chat_App\conf\Catalina\localhost\ROOT.xml] has finished in [11] ms
28-Jun-2026 19:54:43.570 INFO [main] org.apache.coyote.AbstractProtocol.start Starting ProtocolHandler ["http-nio-8080"]
28-Jun-2026 19:54:43.603 INFO [main] org.apache.catalina.startup.Catalina.start Server startup in [3171] milliseconds
